<?xml version="1.0" encoding="UTF-8"?>
<!-- Generated by org.testng.reporters.JUnitXMLReporter -->
<testsuite hostname="charly-PC" name="Command line test" tests="10" failures="0" timestamp="17 Sep 2015 16:23:29 GMT" time="65.959" errors="0">
  <testcase name="throwIfOrderIsNotExists" time="0.0" classname="com.dantelion.testng.examples.exception.TestCheckedException"/>
  <testcase name="throwIfOrderIsNull" time="0.0" classname="com.dantelion.testng.examples.exception.TestCheckedException"/>
  <testcase name="test1" time="0.0" classname="com.dantelion.testng.examples.ignore.TestIgnore"/>
  <testcase name="test2" time="0.0" classname="com.dantelion.testng.examples.ignore.TestIgnore"/>
  <testcase name="loadTest" time="23.5" classname="com.dantelion.testng.examples.loadtest.TestMultipleThreads"/>
  <testcase name="loadTest" time="42.843" classname="com.dantelion.testng.examples.loadtest.TestMultipleThreads"/>
  <testcase name="loadTest" time="48.275" classname="com.dantelion.testng.examples.loadtest.TestMultipleThreads"/>
  <testcase name="loadTest" time="49.935" classname="com.dantelion.testng.examples.loadtest.TestMultipleThreads"/>
  <testcase name="loadTest" time="65.919" classname="com.dantelion.testng.examples.loadtest.TestMultipleThreads"/>
  <testcase name="divisionWithException" time="0.0" classname="com.dantelion.testng.examples.exception.TestRuntime"/>
</testsuite> <!-- Command line test -->
